# JRE version: OpenJDK Runtime Environment (21.0.5) (build 21.0.5+-13047016-b750.29)
# Java VM: OpenJDK 64-Bit Server VM (21.0.5+-13047016-b750.29, mixed mode, tiered, compressed oops, compressed class ptrs, g1 gc, windows-amd64)
GC Precious Log:
 CardTable entry size: 512
 Card Set container configuration: InlinePtr #cards 5 size 8 Array Of Cards #cards 12 size 40 Howl #buckets 4 coarsen threshold 1843 Howl Bitmap #cards 512 size 80 coarsen threshold 460 Card regions per heap region 1 cards per card region 2048
 CPUs: 4 total, 4 available
 Memory: 20314M
 Large Page Support: Disabled
 NUMA Support: Disabled
 Compressed Oops: Enabled (32-bit)
 Heap Region Size: 1M
 Heap Min Capacity: 8M
 Heap Initial Capacity: 318M
 Heap Max Capacity: 2G
 Pre-touch: Disabled
 Parallel Workers: 4
 Concurrent Workers: 1
 Concurrent Refinement Workers: 4
 Periodic GC: Disabled
Heap:
 garbage-first heap   total 437248K, used 323072K [0x0000000080000000, 0x0000000100000000)
  region size 1024K, 41 young (41984K), 2 survivors (2048K)
 Metaspace       used 305794K, committed 308160K, reserved 1376256K
  class space    used 38674K, committed 39872K, reserved 1048576K
GC Heap History (20 events):
Event: 1977.864 GC heap before
{Heap before GC invocations=62 (full 0):
 garbage-first heap   total 427008K, used 255800K [0x0000000080000000, 0x0000000100000000)
  region size 1024K, 32 young (32768K), 2 survivors (2048K)
 Metaspace       used 253132K, committed 254976K, reserved 1310720K
  class space    used 31945K, committed 32832K, reserved 1048576K
}
Event: 1977.870 GC heap after
{Heap after GC invocations=63 (full 0):
 garbage-first heap   total 427008K, used 226360K [0x0000000080000000, 0x0000000100000000)
  region size 1024K, 3 young (3072K), 3 survivors (3072K)
 Metaspace       used 253132K, committed 254976K, reserved 1310720K
  class space    used 31945K, committed 32832K, reserved 1048576K
}
Event: 1983.443 GC heap before
{Heap before GC invocations=64 (full 0):
 garbage-first heap   total 427008K, used 416824K [0x0000000080000000, 0x0000000100000000)
  region size 1024K, 169 young (173056K), 3 survivors (3072K)
 Metaspace       used 266815K, committed 268864K, reserved 1310720K
  class space    used 33884K, committed 34880K, reserved 1048576K
}
Event: 1983.473 GC heap after
{Heap after GC invocations=65 (full 0):
 garbage-first heap   total 434176K, used 247608K [0x0000000080000000, 0x0000000100000000)
  region size 1024K, 15 young (15360K), 15 survivors (15360K)
 Metaspace       used 266815K, committed 268864K, reserved 1310720K
  class space    used 33884K, committed 34880K, reserved 1048576K
}
Event: 1987.845 GC heap before
{Heap before GC invocations=65 (full 0):
 garbage-first heap   total 434176K, used 396088K [0x0000000080000000, 0x0000000100000000)
  region size 1024K, 160 young (163840K), 15 survivors (15360K)
 Metaspace       used 275222K, committed 277312K, reserved 1310720K
  class space    used 34970K, committed 35968K, reserved 1048576K
}
Event: 1987.875 GC heap after
{Heap after GC invocations=66 (full 0):
 garbage-first heap   total 434176K, used 253542K [0x0000000080000000, 0x0000000100000000)
  region size 1024K, 11 young (11264K), 11 survivors (11264K)
 Metaspace       used 275222K, committed 277312K, reserved 1310720K
  class space    used 34970K, committed 35968K, reserved 1048576K
}
Event: 1990.873 GC heap before
{Heap before GC invocations=66 (full 0):
 garbage-first heap   total 434176K, used 399974K [0x0000000080000000, 0x0000000100000000)
  region size 1024K, 154 young (157696K), 11 survivors (11264K)
 Metaspace       used 275239K, committed 277312K, reserved 1310720K
  class space    used 34973K, committed 35968K, reserved 1048576K
}
Event: 1990.904 GC heap after
{Heap after GC invocations=67 (full 0):
 garbage-first heap   total 434176K, used 259584K [0x0000000080000000, 0x0000000100000000)
  region size 1024K, 9 young (9216K), 9 survivors (9216K)
 Metaspace       used 275239K, committed 277312K, reserved 1310720K
  class space    used 34973K, committed 35968K, reserved 1048576K
}
Event: 1997.405 GC heap before
{Heap before GC invocations=68 (full 0):
 garbage-first heap   total 434176K, used 413184K [0x0000000080000000, 0x0000000100000000)
  region size 1024K, 148 young (151552K), 9 survivors (9216K)
 Metaspace       used 286997K, committed 289088K, reserved 1310720K
  class space    used 36546K, committed 37568K, reserved 1048576K
}
Event: 1997.426 GC heap after
{Heap after GC invocations=69 (full 0):
 garbage-first heap   total 434176K, used 270848K [0x0000000080000000, 0x0000000100000000)
  region size 1024K, 18 young (18432K), 18 survivors (18432K)
 Metaspace       used 286997K, committed 289088K, reserved 1310720K
  class space    used 36546K, committed 37568K, reserved 1048576K
}
Event: 1999.448 GC heap before
{Heap before GC invocations=69 (full 0):
 garbage-first heap   total 434176K, used 392704K [0x0000000080000000, 0x0000000100000000)
  region size 1024K, 137 young (140288K), 18 survivors (18432K)
 Metaspace       used 287066K, committed 289216K, reserved 1310720K
  class space    used 36548K, committed 37568K, reserved 1048576K
}
Event: 1999.471 GC heap after
{Heap after GC invocations=70 (full 0):
 garbage-first heap   total 434176K, used 265836K [0x0000000080000000, 0x0000000100000000)
  region size 1024K, 10 young (10240K), 10 survivors (10240K)
 Metaspace       used 287066K, committed 289216K, reserved 1310720K
  class space    used 36548K, committed 37568K, reserved 1048576K
}
Event: 2001.412 GC heap before
{Heap before GC invocations=70 (full 0):
 garbage-first heap   total 434176K, used 401004K [0x0000000080000000, 0x0000000100000000)
  region size 1024K, 142 young (145408K), 10 survivors (10240K)
 Metaspace       used 288839K, committed 291008K, reserved 1310720K
  class space    used 36718K, committed 37760K, reserved 1048576K
}
Event: 2001.426 GC heap after
{Heap after GC invocations=71 (full 0):
 garbage-first heap   total 434176K, used 261611K [0x0000000080000000, 0x0000000100000000)
  region size 1024K, 2 young (2048K), 2 survivors (2048K)
 Metaspace       used 288839K, committed 291008K, reserved 1310720K
  class space    used 36718K, committed 37760K, reserved 1048576K
}
Event: 2022.877 GC heap before
{Heap before GC invocations=72 (full 0):
 garbage-first heap   total 437248K, used 408043K [0x0000000080000000, 0x0000000100000000)
  region size 1024K, 146 young (149504K), 2 survivors (2048K)
 Metaspace       used 295661K, committed 297792K, reserved 1310720K
  class space    used 37630K, committed 38656K, reserved 1048576K
}
Event: 2022.896 GC heap after
{Heap after GC invocations=73 (full 0):
 garbage-first heap   total 437248K, used 274723K [0x0000000080000000, 0x0000000100000000)
  region size 1024K, 15 young (15360K), 15 survivors (15360K)
 Metaspace       used 295661K, committed 297792K, reserved 1310720K
  class space    used 37630K, committed 38656K, reserved 1048576K
}
Event: 2045.268 GC heap before
{Heap before GC invocations=73 (full 0):
 garbage-first heap   total 437248K, used 397603K [0x0000000080000000, 0x0000000100000000)
  region size 1024K, 136 young (139264K), 15 survivors (15360K)
 Metaspace       used 300133K, committed 302400K, reserved 1376256K
  class space    used 38161K, committed 39296K, reserved 1048576K
}
Event: 2045.306 GC heap after
{Heap after GC invocations=74 (full 0):
 garbage-first heap   total 437248K, used 283136K [0x0000000080000000, 0x0000000100000000)
  region size 1024K, 14 young (14336K), 14 survivors (14336K)
 Metaspace       used 300133K, committed 302400K, reserved 1376256K
  class space    used 38161K, committed 39296K, reserved 1048576K
}
Event: 5152.474 GC heap before
{Heap before GC invocations=74 (full 0):
 garbage-first heap   total 437248K, used 398848K [0x0000000080000000, 0x0000000100000000)
  region size 1024K, 128 young (131072K), 14 survivors (14336K)
 Metaspace       used 305735K, committed 308160K, reserved 1376256K
  class space    used 38672K, committed 39872K, reserved 1048576K
}
Event: 5152.591 GC heap after
{Heap after GC invocations=75 (full 0):
 garbage-first heap   total 437248K, used 284160K [0x0000000080000000, 0x0000000100000000)
  region size 1024K, 2 young (2048K), 2 survivors (2048K)
 Metaspace       used 305735K, committed 308160K, reserved 1376256K
  class space    used 38672K, committed 39872K, reserved 1048576K
}

